Traceback (most recent call last):
  File "/home/700050058/.conda/envs/fastvideo/lib/python3.12/site-packages/huggingface_hub/utils/_http.py", line 407, in hf_raise_for_status
    response.raise_for_status()
  File "/home/700050058/.conda/envs/fastvideo/lib/python3.12/site-packages/requests/models.py", line 1026, in raise_for_status
    raise HTTPError(http_error_msg, response=self)
requests.exceptions.HTTPError: 404 Client Error: Not Found for url: https://huggingface.co/distillbert-base-uncased/resolve/main/tokenizer_config.json

The above exception was the direct cause of the following exception:

Traceback (most recent call last):
  File "/home/700050058/.conda/envs/fastvideo/lib/python3.12/site-packages/transformers/utils/hub.py", line 479, in cached_files
    hf_hub_download(
  File "/home/700050058/.conda/envs/fastvideo/lib/python3.12/site-packages/huggingface_hub/utils/_validators.py", line 114, in _inner_fn
    return fn(*args, **kwargs)
           ^^^^^^^^^^^^^^^^^^^
  File "/home/700050058/.conda/envs/fastvideo/lib/python3.12/site-packages/huggingface_hub/file_download.py", line 1010, in hf_hub_download
    return _hf_hub_download_to_cache_dir(
           ^^^^^^^^^^^^^^^^^^^^^^^^^^^^^^
  File "/home/700050058/.conda/envs/fastvideo/lib/python3.12/site-packages/huggingface_hub/file_download.py", line 1117, in _hf_hub_download_to_cache_dir
    _raise_on_head_call_error(head_call_error, force_download, local_files_only)
  File "/home/700050058/.conda/envs/fastvideo/lib/python3.12/site-packages/huggingface_hub/file_download.py", line 1658, in _raise_on_head_call_error
    raise head_call_error
  File "/home/700050058/.conda/envs/fastvideo/lib/python3.12/site-packages/huggingface_hub/file_download.py", line 1546, in _get_metadata_or_catch_error
    metadata = get_hf_file_metadata(
               ^^^^^^^^^^^^^^^^^^^^^
  File "/home/700050058/.conda/envs/fastvideo/lib/python3.12/site-packages/huggingface_hub/utils/_validators.py", line 114, in _inner_fn
    return fn(*args, **kwargs)
           ^^^^^^^^^^^^^^^^^^^
  File "/home/700050058/.conda/envs/fastvideo/lib/python3.12/site-packages/huggingface_hub/file_download.py", line 1463, in get_hf_file_metadata
    r = _request_wrapper(
        ^^^^^^^^^^^^^^^^^
  File "/home/700050058/.conda/envs/fastvideo/lib/python3.12/site-packages/huggingface_hub/file_download.py", line 286, in _request_wrapper
    response = _request_wrapper(
               ^^^^^^^^^^^^^^^^^
  File "/home/700050058/.conda/envs/fastvideo/lib/python3.12/site-packages/huggingface_hub/file_download.py", line 310, in _request_wrapper
    hf_raise_for_status(response)
  File "/home/700050058/.conda/envs/fastvideo/lib/python3.12/site-packages/huggingface_hub/utils/_http.py", line 457, in hf_raise_for_status
    raise _format(RepositoryNotFoundError, message, response) from e
huggingface_hub.errors.RepositoryNotFoundError: 404 Client Error. (Request ID: Root=1-6915db61-3caa07b5141db5de7fc7e4c0;92394ad0-d51b-4d5e-998b-9246694a649e)

Repository Not Found for url: https://huggingface.co/distillbert-base-uncased/resolve/main/tokenizer_config.json.
Please make sure you specified the correct `repo_id` and `repo_type`.
If you are trying to access a private or gated repo, make sure you are authenticated. For more details, see https://huggingface.co/docs/huggingface_hub/authentication

The above exception was the direct cause of the following exception:

Traceback (most recent call last):
  File "/home/700050058/project_feedback_analyzer/training_multitask.py", line 494, in <module>
    result = run_experiment(cfg)
             ^^^^^^^^^^^^^^^^^^^
  File "/home/700050058/project_feedback_analyzer/training_multitask.py", line 262, in run_experiment
    tokenizer = tokenizer_cls.from_pretrained(cfg["model_name"])
                ^^^^^^^^^^^^^^^^^^^^^^^^^^^^^^^^^^^^^^^^^^^^^^^^
  File "/home/700050058/.conda/envs/fastvideo/lib/python3.12/site-packages/transformers/tokenization_utils_base.py", line 1993, in from_pretrained
    resolved_config_file = cached_file(
                           ^^^^^^^^^^^^
  File "/home/700050058/.conda/envs/fastvideo/lib/python3.12/site-packages/transformers/utils/hub.py", line 322, in cached_file
    file = cached_files(path_or_repo_id=path_or_repo_id, filenames=[filename], **kwargs)
           ^^^^^^^^^^^^^^^^^^^^^^^^^^^^^^^^^^^^^^^^^^^^^^^^^^^^^^^^^^^^^^^^^^^^^^^^^^^^^
  File "/home/700050058/.conda/envs/fastvideo/lib/python3.12/site-packages/transformers/utils/hub.py", line 511, in cached_files
    raise OSError(
OSError: distillbert-base-uncased is not a local folder and is not a valid model identifier listed on 'https://huggingface.co/models'
If this is a private repository, make sure to pass a token having permission to this repo either by logging in with `hf auth login` or by passing `token=<your_token>`
